<?xml version="1.0" encoding="UTF-8" ?>
<testsuite 
errors="0" failures="0" hostname="wejoM-2571.local" name="org.scalatest.tools.DiscoverySuite" tests="0" time="0.009" timestamp="2021-03-25T18:50:47">
  <properties>
    <property name="java.runtime.name" value="OpenJDK Runtime Environment"/>
    <property 
    name="sun.boot.library.path" value="/Library/Java/JavaVirtualMachines/adoptopenjdk-8.jdk/Contents/Home/jre/lib">
</property>
    <property name="java.vm.version" value="25.282-b08"/>
    <property name="gopherProxySet" value="false"/>
    <property name="java.vm.vendor" value="AdoptOpenJDK"/>
    <property name="java.vendor.url" value="https://adoptopenjdk.net/"/>
    <property name="path.separator" value=":"/>
    <property name="java.vm.name" value="OpenJDK 64-Bit Server VM"/>
    <property name="file.encoding.pkg" value="sun.io"/>
    <property name="user.country" value="GB"/>
    <property name="sun.java.launcher" value="SUN_STANDARD"/>
    <property name="sun.os.patch.level" value="unknown"/>
    <property 
    name="java.vm.specification.name" value="Java Virtual Machine Specification">
</property>
    <property 
    name="user.dir" value="/Users/yoginivassaramo/Documents/learning-kafka/encryption-app">
</property>
    <property name="java.runtime.version" value="1.8.0_282-b08"/>
    <property name="java.awt.graphicsenv" value="sun.awt.CGraphicsEnvironment">
    </property>
    <property 
    name="basedir" value="/Users/yoginivassaramo/Documents/learning-kafka/encryption-app">
</property>
    <property 
    name="java.endorsed.dirs" value="/Library/Java/JavaVirtualMachines/adoptopenjdk-8.jdk/Contents/Home/jre/lib/endorsed">
</property>
    <property name="os.arch" value="x86_64"/>
    <property 
    name="java.io.tmpdir" value="/var/folders/cv/n6_0yfjn7dv3rdx2fwhgs0600000gp/T/">
</property>
    <property name="line.separator" value=" "/>
    <property name="java.vm.specification.vendor" value="Oracle Corporation"/>
    <property name="os.name" value="Mac OS X"/>
    <property name="sun.jnu.encoding" value="UTF-8"/>
    <property 
    name="java.library.path" value="/Users/yoginivassaramo/Library/Java/Extensions:/Library/Java/Extensions:/Network/Library/Java/Extensions:/System/Library/Java/Extensions:/usr/lib/java:.">
</property>
    <property 
    name="java.specification.name" value="Java Platform API Specification">
</property>
    <property name="java.class.version" value="52.0"/>
    <property 
    name="sun.management.compiler" value="HotSpot 64-Bit Tiered Compilers">
</property>
    <property name="os.version" value="10.16"/>
    <property 
    name="http.nonProxyHosts" value="local|*.local|169.254/16|*.169.254/16">
</property>
    <property name="user.home" value="/Users/yoginivassaramo"/>
    <property name="user.timezone" value=""/>
    <property name="java.awt.printerjob" value="sun.lwawt.macosx.CPrinterJob"/>
    <property name="file.encoding" value="UTF-8"/>
    <property name="java.specification.version" value="1.8"/>
    <property name="user.name" value="yoginivassaramo"/>
    <property 
    name="java.class.path" value="/Users/yoginivassaramo/Documents/learning-kafka/encryption-app/target/test-classes:/Users/yoginivassaramo/Documents/learning-kafka/encryption-app/target/classes:/Users/yoginivassaramo/.m2/repository/org/apache/kafka/kafka-clients/2.7.0/kafka-clients-2.7.0.jar:/Users/yoginivassaramo/.m2/repository/com/github/luben/zstd-jni/1.4.5-6/zstd-jni-1.4.5-6.jar:/Users/yoginivassaramo/.m2/repository/org/lz4/lz4-java/1.7.1/lz4-java-1.7.1.jar:/Users/yoginivassaramo/.m2/repository/org/xerial/snappy/snappy-java/1.1.7.7/snappy-java-1.1.7.7.jar:/Users/yoginivassaramo/.m2/repository/org/slf4j/slf4j-api/1.7.30/slf4j-api-1.7.30.jar:/Users/yoginivassaramo/.m2/repository/org/slf4j/slf4j-simple/1.7.25/slf4j-simple-1.7.25.jar:/Users/yoginivassaramo/.m2/repository/org/apache/commons/commons-lang3/3.3.2/commons-lang3-3.3.2.jar:/Users/yoginivassaramo/.m2/repository/org/apache/kafka/kafka-streams/2.7.0/kafka-streams-2.7.0.jar:/Users/yoginivassaramo/.m2/repository/org/apache/kafka/connect-json/2.7.0/connect-json-2.7.0.jar:/Users/yoginivassaramo/.m2/repository/org/apache/kafka/connect-api/2.7.0/connect-api-2.7.0.jar:/Users/yoginivassaramo/.m2/repository/com/fasterxml/jackson/core/jackson-databind/2.10.5.1/jackson-databind-2.10.5.1.jar:/Users/yoginivassaramo/.m2/repository/com/fasterxml/jackson/core/jackson-annotations/2.10.5/jackson-annotations-2.10.5.jar:/Users/yoginivassaramo/.m2/repository/com/fasterxml/jackson/core/jackson-core/2.10.5/jackson-core-2.10.5.jar:/Users/yoginivassaramo/.m2/repository/com/fasterxml/jackson/datatype/jackson-datatype-jdk8/2.10.5/jackson-datatype-jdk8-2.10.5.jar:/Users/yoginivassaramo/.m2/repository/org/rocksdb/rocksdbjni/5.18.4/rocksdbjni-5.18.4.jar:/Users/yoginivassaramo/.m2/repository/org/scala-lang/scala-library/2.13.1/scala-library-2.13.1.jar:/Users/yoginivassaramo/.m2/repository/org/apache/maven/plugins/maven-compiler-plugin/3.8.1/maven-compiler-plugin-3.8.1.jar:/Users/yoginivassaramo/.m2/repository/org/apache/maven/maven-plugin-api/3.0/maven-plugin-api-3.0.jar:/Users/yoginivassaramo/.m2/repository/org/sonatype/sisu/sisu-inject-plexus/1.4.2/sisu-inject-plexus-1.4.2.jar:/Users/yoginivassaramo/.m2/repository/org/sonatype/sisu/sisu-inject-bean/1.4.2/sisu-inject-bean-1.4.2.jar:/Users/yoginivassaramo/.m2/repository/org/sonatype/sisu/sisu-guice/2.1.7/sisu-guice-2.1.7-noaop.jar:/Users/yoginivassaramo/.m2/repository/org/apache/maven/maven-artifact/3.0/maven-artifact-3.0.jar:/Users/yoginivassaramo/.m2/repository/org/apache/maven/maven-core/3.0/maven-core-3.0.jar:/Users/yoginivassaramo/.m2/repository/org/apache/maven/maven-settings/3.0/maven-settings-3.0.jar:/Users/yoginivassaramo/.m2/repository/org/apache/maven/maven-settings-builder/3.0/maven-settings-builder-3.0.jar:/Users/yoginivassaramo/.m2/repository/org/apache/maven/maven-repository-metadata/3.0/maven-repository-metadata-3.0.jar:/Users/yoginivassaramo/.m2/repository/org/apache/maven/maven-model-builder/3.0/maven-model-builder-3.0.jar:/Users/yoginivassaramo/.m2/repository/org/apache/maven/maven-aether-provider/3.0/maven-aether-provider-3.0.jar:/Users/yoginivassaramo/.m2/repository/org/sonatype/aether/aether-impl/1.7/aether-impl-1.7.jar:/Users/yoginivassaramo/.m2/repository/org/sonatype/aether/aether-spi/1.7/aether-spi-1.7.jar:/Users/yoginivassaramo/.m2/repository/org/sonatype/aether/aether-api/1.7/aether-api-1.7.jar:/Users/yoginivassaramo/.m2/repository/org/sonatype/aether/aether-util/1.7/aether-util-1.7.jar:/Users/yoginivassaramo/.m2/repository/org/sonatype/plexus/plexus-sec-dispatcher/1.3/plexus-sec-dispatcher-1.3.jar:/Users/yoginivassaramo/.m2/repository/org/sonatype/plexus/plexus-cipher/1.4/plexus-cipher-1.4.jar:/Users/yoginivassaramo/.m2/repository/org/apache/maven/shared/maven-shared-utils/3.2.1/maven-shared-utils-3.2.1.jar:/Users/yoginivassaramo/.m2/repository/org/apache/maven/shared/maven-shared-incremental/1.1/maven-shared-incremental-1.1.jar:/Users/yoginivassaramo/.m2/repository/org/codehaus/plexus/plexus-java/0.9.10/plexus-java-0.9.10.jar:/Users/yoginivassaramo/.m2/repository/org/ow2/asm/asm/6.2/asm-6.2.jar:/Users/yoginivassaramo/.m2/repository/com/thoughtworks/qdox/qdox/2.0-M8/qdox-2.0-M8.jar:/Users/yoginivassaramo/.m2/repository/org/codehaus/plexus/plexus-compiler-api/2.8.4/plexus-compiler-api-2.8.4.jar:/Users/yoginivassaramo/.m2/repository/org/codehaus/plexus/plexus-compiler-manager/2.8.4/plexus-compiler-manager-2.8.4.jar:/Users/yoginivassaramo/.m2/repository/org/codehaus/plexus/plexus-compiler-javac/2.8.4/plexus-compiler-javac-2.8.4.jar:/Users/yoginivassaramo/.m2/repository/net/alchim31/maven/scala-maven-plugin/4.4.1/scala-maven-plugin-4.4.1.jar:/Users/yoginivassaramo/.m2/repository/org/apache/maven/maven-compat/3.3.9/maven-compat-3.3.9.jar:/Users/yoginivassaramo/.m2/repository/org/apache/maven/wagon/wagon-provider-api/2.10/wagon-provider-api-2.10.jar:/Users/yoginivassaramo/.m2/repository/org/apache/maven/reporting/maven-reporting-api/3.0/maven-reporting-api-3.0.jar:/Users/yoginivassaramo/.m2/repository/org/apache/maven/shared/maven-dependency-tree/3.0.1/maven-dependency-tree-3.0.1.jar:/Users/yoginivassaramo/.m2/repository/org/eclipse/aether/aether-util/0.9.0.M2/aether-util-0.9.0.M2.jar:/Users/yoginivassaramo/.m2/repository/org/apache/commons/commons-exec/1.3/commons-exec-1.3.jar:/Users/yoginivassaramo/.m2/repository/org/codehaus/plexus/plexus-utils/3.3.0/plexus-utils-3.3.0.jar:/Users/yoginivassaramo/.m2/repository/org/codehaus/plexus/plexus-archiver/4.2.4/plexus-archiver-4.2.4.jar:/Users/yoginivassaramo/.m2/repository/org/apache/commons/commons-compress/1.20/commons-compress-1.20.jar:/Users/yoginivassaramo/.m2/repository/org/iq80/snappy/snappy/0.4/snappy-0.4.jar:/Users/yoginivassaramo/.m2/repository/org/tukaani/xz/1.8/xz-1.8.jar:/Users/yoginivassaramo/.m2/repository/org/codehaus/plexus/plexus-classworlds/2.6.0/plexus-classworlds-2.6.0.jar:/Users/yoginivassaramo/.m2/repository/org/apache/maven/maven-project/2.2.1/maven-project-2.2.1.jar:/Users/yoginivassaramo/.m2/repository/org/apache/maven/maven-profile/2.2.1/maven-profile-2.2.1.jar:/Users/yoginivassaramo/.m2/repository/org/apache/maven/maven-artifact-manager/2.2.1/maven-artifact-manager-2.2.1.jar:/Users/yoginivassaramo/.m2/repository/backport-util-concurrent/backport-util-concurrent/3.1/backport-util-concurrent-3.1.jar:/Users/yoginivassaramo/.m2/repository/org/apache/maven/maven-plugin-registry/2.2.1/maven-plugin-registry-2.2.1.jar:/Users/yoginivassaramo/.m2/repository/org/codehaus/plexus/plexus-container-default/1.0-alpha-9-stable-1/plexus-container-default-1.0-alpha-9-stable-1.jar:/Users/yoginivassaramo/.m2/repository/junit/junit/3.8.1/junit-3.8.1.jar:/Users/yoginivassaramo/.m2/repository/classworlds/classworlds/1.1-alpha-2/classworlds-1.1-alpha-2.jar:/Users/yoginivassaramo/.m2/repository/org/apache/maven/maven-archiver/3.5.1/maven-archiver-3.5.1.jar:/Users/yoginivassaramo/.m2/repository/org/apache/maven/doxia/doxia-sink-api/1.9.1/doxia-sink-api-1.9.1.jar:/Users/yoginivassaramo/.m2/repository/org/apache/maven/doxia/doxia-logging-api/1.9.1/doxia-logging-api-1.9.1.jar:/Users/yoginivassaramo/.m2/repository/org/apache/maven/maven-model/3.3.9/maven-model-3.3.9.jar:/Users/yoginivassaramo/.m2/repository/org/apache/maven/shared/maven-invoker/3.1.0/maven-invoker-3.1.0.jar:/Users/yoginivassaramo/.m2/repository/javax/inject/javax.inject/1/javax.inject-1.jar:/Users/yoginivassaramo/.m2/repository/org/scala-sbt/zinc_2.13/1.4.4/zinc_2.13-1.4.4.jar:/Users/yoginivassaramo/.m2/repository/org/scala-sbt/zinc-core_2.13/1.4.4/zinc-core_2.13-1.4.4.jar:/Users/yoginivassaramo/.m2/repository/org/scala-sbt/zinc-apiinfo_2.13/1.4.4/zinc-apiinfo_2.13-1.4.4.jar:/Users/yoginivassaramo/.m2/repository/org/scala-sbt/compiler-bridge_2.13/1.4.4/compiler-bridge_2.13-1.4.4.jar:/Users/yoginivassaramo/.m2/repository/org/scala-sbt/zinc-classpath_2.13/1.4.4/zinc-classpath_2.13-1.4.4.jar:/Users/yoginivassaramo/.m2/repository/org/scala-lang/scala-compiler/2.13.3/scala-compiler-2.13.3.jar:/Users/yoginivassaramo/.m2/repository/org/jline/jline/3.15.0/jline-3.15.0.jar:/Users/yoginivassaramo/.m2/repository/org/scala-sbt/compiler-interface/1.4.4/compiler-interface-1.4.4.jar:/Users/yoginivassaramo/.m2/repository/org/scala-sbt/util-interface/1.4.0/util-interface-1.4.0.jar:/Users/yoginivassaramo/.m2/repository/org/scala-sbt/zinc-persist-core-assembly/1.4.4/zinc-persist-core-assembly-1.4.4.jar:/Users/yoginivassaramo/.m2/repository/org/scala-lang/modules/scala-parallel-collections_2.13/0.2.0/scala-parallel-collections_2.13-0.2.0.jar:/Users/yoginivassaramo/.m2/repository/org/scala-sbt/io_2.13/1.4.0/io_2.13-1.4.0.jar:/Users/yoginivassaramo/.m2/repository/com/swoval/file-tree-views/2.1.4/file-tree-views-2.1.4.jar:/Users/yoginivassaramo/.m2/repository/net/java/dev/jna/jna/5.5.0/jna-5.5.0.jar:/Users/yoginivassaramo/.m2/repository/net/java/dev/jna/jna-platform/5.5.0/jna-platform-5.5.0.jar:/Users/yoginivassaramo/.m2/repository/org/scala-sbt/util-logging_2.13/1.4.0/util-logging_2.13-1.4.0.jar:/Users/yoginivassaramo/.m2/repository/org/scala-sbt/collections_2.13/1.4.0/collections_2.13-1.4.0.jar:/Users/yoginivassaramo/.m2/repository/org/scala-sbt/util-position_2.13/1.4.0/util-position_2.13-1.4.0.jar:/Users/yoginivassaramo/.m2/repository/org/scala-sbt/core-macros_2.13/1.4.0/core-macros_2.13-1.4.0.jar:/Users/yoginivassaramo/.m2/repository/com/eed3si9n/sjson-new-core_2.13/0.9.0/sjson-new-core_2.13-0.9.0.jar:/Users/yoginivassaramo/.m2/repository/org/scala-sbt/jline/jline/2.14.7-sbt-5e51b9d4f9631ebfa29753ce4accc57808e7fd6b/jline-2.14.7-sbt-5e51b9d4f9631ebfa29753ce4accc57808e7fd6b.jar:/Users/yoginivassaramo/.m2/repository/org/fusesource/jansi/jansi/1.12/jansi-1.12.jar:/Users/yoginivassaramo/.m2/repository/org/scala-sbt/jline3/jline-terminal/3.16.0-sbt-211a082ed6326908dc84ca017ce4430728f18a8a/jline-terminal-3.16.0-sbt-211a082ed6326908dc84ca017ce4430728f18a8a.jar:/Users/yoginivassaramo/.m2/repository/org/jline/jline-terminal-jna/3.16.0/jline-terminal-jna-3.16.0.jar:/Users/yoginivassaramo/.m2/repository/org/jline/jline-terminal/3.16.0/jline-terminal-3.16.0.jar:/Users/yoginivassaramo/.m2/repository/org/jline/jline-terminal-jansi/3.16.0/jline-terminal-jansi-3.16.0.jar:/Users/yoginivassaramo/.m2/repository/org/apache/logging/log4j/log4j-api/2.11.2/log4j-api-2.11.2.jar:/Users/yoginivassaramo/.m2/repository/org/apache/logging/log4j/log4j-core/2.11.2/log4j-core-2.11.2.jar:/Users/yoginivassaramo/.m2/repository/com/lmax/disruptor/3.4.2/disruptor-3.4.2.jar:/Users/yoginivassaramo/.m2/repository/com/eed3si9n/sjson-new-scalajson_2.13/0.9.0/sjson-new-scalajson_2.13-0.9.0.jar:/Users/yoginivassaramo/.m2/repository/com/eed3si9n/shaded-jawn-parser_2.13/0.9.0/shaded-jawn-parser_2.13-0.9.0.jar:/Users/yoginivassaramo/.m2/repository/com/eed3si9n/shaded-scalajson_2.13/1.0.0-M4/shaded-scalajson_2.13-1.0.0-M4.jar:/Users/yoginivassaramo/.m2/repository/org/scala-sbt/util-relation_2.13/1.4.0/util-relation_2.13-1.4.0.jar:/Users/yoginivassaramo/.m2/repository/org/scala-sbt/zinc-persist_2.13/1.4.4/zinc-persist_2.13-1.4.4.jar:/Users/yoginivassaramo/.m2/repository/org/scala-sbt/sbinary_2.13/0.5.1/sbinary_2.13-0.5.1.jar:/Users/yoginivassaramo/.m2/repository/org/scala-sbt/zinc-compile-core_2.13/1.4.4/zinc-compile-core_2.13-1.4.4.jar:/Users/yoginivassaramo/.m2/repository/org/scala-sbt/launcher-interface/1.1.3/launcher-interface-1.1.3.jar:/Users/yoginivassaramo/.m2/repository/org/scala-lang/modules/scala-parser-combinators_2.13/1.1.2/scala-parser-combinators_2.13-1.1.2.jar:/Users/yoginivassaramo/.m2/repository/net/openhft/zero-allocation-hashing/0.10.1/zero-allocation-hashing-0.10.1.jar:/Users/yoginivassaramo/.m2/repository/org/scala-sbt/util-control_2.13/1.4.0/util-control_2.13-1.4.0.jar:/Users/yoginivassaramo/.m2/repository/org/scala-sbt/zinc-classfile_2.13/1.4.4/zinc-classfile_2.13-1.4.4.jar:/Users/yoginivassaramo/.m2/repository/org/apache/maven/plugins/maven-assembly-plugin/3.3.0/maven-assembly-plugin-3.3.0.jar:/Users/yoginivassaramo/.m2/repository/org/apache/maven/shared/maven-common-artifact-filters/3.1.0/maven-common-artifact-filters-3.1.0.jar:/Users/yoginivassaramo/.m2/repository/org/apache/maven/shared/maven-artifact-transfer/0.11.0/maven-artifact-transfer-0.11.0.jar:/Users/yoginivassaramo/.m2/repository/org/codehaus/plexus/plexus-interpolation/1.25/plexus-interpolation-1.25.jar:/Users/yoginivassaramo/.m2/repository/org/apache/maven/shared/file-management/3.0.0/file-management-3.0.0.jar:/Users/yoginivassaramo/.m2/repository/org/apache/maven/shared/maven-shared-io/3.0.0/maven-shared-io-3.0.0.jar:/Users/yoginivassaramo/.m2/repository/commons-io/commons-io/2.5/commons-io-2.5.jar:/Users/yoginivassaramo/.m2/repository/org/apache/maven/shared/maven-filtering/3.1.1/maven-filtering-3.1.1.jar:/Users/yoginivassaramo/.m2/repository/org/sonatype/plexus/plexus-build-api/0.0.7/plexus-build-api-0.0.7.jar:/Users/yoginivassaramo/.m2/repository/org/codehaus/plexus/plexus-io/3.2.0/plexus-io-3.2.0.jar:/Users/yoginivassaramo/.m2/repository/commons-codec/commons-codec/1.6/commons-codec-1.6.jar:/Users/yoginivassaramo/.m2/repository/org/apache/maven/plugins/maven-resources-plugin/3.2.0/maven-resources-plugin-3.2.0.jar:/Users/yoginivassaramo/.m2/repository/org/codehaus/plexus/plexus-component-annotations/2.0.0/plexus-component-annotations-2.0.0.jar:/Users/yoginivassaramo/.m2/repository/org/eclipse/sisu/org.eclipse.sisu.plexus/0.0.0.M2a/org.eclipse.sisu.plexus-0.0.0.M2a.jar:/Users/yoginivassaramo/.m2/repository/javax/enterprise/cdi-api/1.0/cdi-api-1.0.jar:/Users/yoginivassaramo/.m2/repository/javax/annotation/jsr250-api/1.0/jsr250-api-1.0.jar:/Users/yoginivassaramo/.m2/repository/com/google/guava/guava/10.0.1/guava-10.0.1.jar:/Users/yoginivassaramo/.m2/repository/com/google/code/findbugs/jsr305/1.3.9/jsr305-1.3.9.jar:/Users/yoginivassaramo/.m2/repository/org/sonatype/sisu/sisu-guice/3.1.0/sisu-guice-3.1.0-no_aop.jar:/Users/yoginivassaramo/.m2/repository/aopalliance/aopalliance/1.0/aopalliance-1.0.jar:/Users/yoginivassaramo/.m2/repository/org/eclipse/sisu/org.eclipse.sisu.inject/0.0.0.M2a/org.eclipse.sisu.inject-0.0.0.M2a.jar:/Users/yoginivassaramo/.m2/repository/asm/asm/3.3.1/asm-3.3.1.jar:/Users/yoginivassaramo/.m2/repository/org/scalactic/scalactic_2.13/3.2.5/scalactic_2.13-3.2.5.jar:/Users/yoginivassaramo/.m2/repository/org/scala-lang/scala-reflect/2.13.4/scala-reflect-2.13.4.jar:/Users/yoginivassaramo/.m2/repository/org/scalatest/scalatest_2.13/3.2.5/scalatest_2.13-3.2.5.jar:/Users/yoginivassaramo/.m2/repository/org/scalatest/scalatest-core_2.13/3.2.5/scalatest-core_2.13-3.2.5.jar:/Users/yoginivassaramo/.m2/repository/org/scalatest/scalatest-compatible/3.2.5/scalatest-compatible-3.2.5.jar:/Users/yoginivassaramo/.m2/repository/org/scala-lang/modules/scala-xml_2.13/1.2.0/scala-xml_2.13-1.2.0.jar:/Users/yoginivassaramo/.m2/repository/org/scalatest/scalatest-featurespec_2.13/3.2.5/scalatest-featurespec_2.13-3.2.5.jar:/Users/yoginivassaramo/.m2/repository/org/scalatest/scalatest-flatspec_2.13/3.2.5/scalatest-flatspec_2.13-3.2.5.jar:/Users/yoginivassaramo/.m2/repository/org/scalatest/scalatest-freespec_2.13/3.2.5/scalatest-freespec_2.13-3.2.5.jar:/Users/yoginivassaramo/.m2/repository/org/scalatest/scalatest-funsuite_2.13/3.2.5/scalatest-funsuite_2.13-3.2.5.jar:/Users/yoginivassaramo/.m2/repository/org/scalatest/scalatest-funspec_2.13/3.2.5/scalatest-funspec_2.13-3.2.5.jar:/Users/yoginivassaramo/.m2/repository/org/scalatest/scalatest-propspec_2.13/3.2.5/scalatest-propspec_2.13-3.2.5.jar:/Users/yoginivassaramo/.m2/repository/org/scalatest/scalatest-refspec_2.13/3.2.5/scalatest-refspec_2.13-3.2.5.jar:/Users/yoginivassaramo/.m2/repository/org/scalatest/scalatest-wordspec_2.13/3.2.5/scalatest-wordspec_2.13-3.2.5.jar:/Users/yoginivassaramo/.m2/repository/org/scalatest/scalatest-diagrams_2.13/3.2.5/scalatest-diagrams_2.13-3.2.5.jar:/Users/yoginivassaramo/.m2/repository/org/scalatest/scalatest-matchers-core_2.13/3.2.5/scalatest-matchers-core_2.13-3.2.5.jar:/Users/yoginivassaramo/.m2/repository/org/scalatest/scalatest-shouldmatchers_2.13/3.2.5/scalatest-shouldmatchers_2.13-3.2.5.jar:/Users/yoginivassaramo/.m2/repository/org/scalatest/scalatest-mustmatchers_2.13/3.2.5/scalatest-mustmatchers_2.13-3.2.5.jar:/Users/yoginivassaramo/.m2/repository/net/manub/scalatest-embedded-kafka_2.12/2.0.0/scalatest-embedded-kafka_2.12-2.0.0.jar:/Users/yoginivassaramo/.m2/repository/org/apache/avro/avro/1.8.2/avro-1.8.2.jar:/Users/yoginivassaramo/.m2/repository/org/codehaus/jackson/jackson-core-asl/1.9.13/jackson-core-asl-1.9.13.jar:/Users/yoginivassaramo/.m2/repository/org/codehaus/jackson/jackson-mapper-asl/1.9.13/jackson-mapper-asl-1.9.13.jar:/Users/yoginivassaramo/.m2/repository/com/thoughtworks/paranamer/paranamer/2.7/paranamer-2.7.jar:/Users/yoginivassaramo/.m2/repository/org/apache/kafka/kafka_2.12/2.0.0/kafka_2.12-2.0.0.jar:/Users/yoginivassaramo/.m2/repository/net/sf/jopt-simple/jopt-simple/5.0.4/jopt-simple-5.0.4.jar:/Users/yoginivassaramo/.m2/repository/com/yammer/metrics/metrics-core/2.2.0/metrics-core-2.2.0.jar:/Users/yoginivassaramo/.m2/repository/com/typesafe/scala-logging/scala-logging_2.12/3.9.0/scala-logging_2.12-3.9.0.jar:/Users/yoginivassaramo/.m2/repository/com/101tec/zkclient/0.10/zkclient-0.10.jar:/Users/yoginivassaramo/.m2/repository/org/apache/zookeeper/zookeeper/3.4.13/zookeeper-3.4.13.jar:/Users/yoginivassaramo/.m2/repository/org/apache/yetus/audience-annotations/0.5.0/audience-annotations-0.5.0.jar">
</property>
    <property name="java.vm.specification.version" value="1.8"/>
    <property name="sun.arch.data.model" value="64"/>
    <property 
    name="java.home" value="/Library/Java/JavaVirtualMachines/adoptopenjdk-8.jdk/Contents/Home/jre">
</property>
    <property 
    name="sun.java.command" value="org.scalatest.tools.Runner -R /Users/yoginivassaramo/Documents/learning-kafka/encryption-app/target/classes /Users/yoginivassaramo/Documents/learning-kafka/encryption-app/target/test-classes -o -fWDF /Users/yoginivassaramo/Documents/learning-kafka/encryption-app/target/surefire-reports/TestSuite.txt -u /Users/yoginivassaramo/Documents/learning-kafka/encryption-app/target/surefire-reports/.">
</property>
    <property name="java.specification.vendor" value="Oracle Corporation"/>
    <property name="user.language" value="en"/>
    <property name="awt.toolkit" value="sun.lwawt.macosx.LWCToolkit"/>
    <property name="java.vm.info" value="mixed mode"/>
    <property name="java.version" value="1.8.0_282"/>
    <property 
    name="java.ext.dirs" value="/Users/yoginivassaramo/Library/Java/Extensions:/Library/Java/JavaVirtualMachines/adoptopenjdk-8.jdk/Contents/Home/jre/lib/ext:/Library/Java/Extensions:/Network/Library/Java/Extensions:/System/Library/Java/Extensions:/usr/lib/java">
</property>
    <property 
    name="sun.boot.class.path" value="/Library/Java/JavaVirtualMachines/adoptopenjdk-8.jdk/Contents/Home/jre/lib/resources.jar:/Library/Java/JavaVirtualMachines/adoptopenjdk-8.jdk/Contents/Home/jre/lib/rt.jar:/Library/Java/JavaVirtualMachines/adoptopenjdk-8.jdk/Contents/Home/jre/lib/sunrsasign.jar:/Library/Java/JavaVirtualMachines/adoptopenjdk-8.jdk/Contents/Home/jre/lib/jsse.jar:/Library/Java/JavaVirtualMachines/adoptopenjdk-8.jdk/Contents/Home/jre/lib/jce.jar:/Library/Java/JavaVirtualMachines/adoptopenjdk-8.jdk/Contents/Home/jre/lib/charsets.jar:/Library/Java/JavaVirtualMachines/adoptopenjdk-8.jdk/Contents/Home/jre/lib/jfr.jar:/Library/Java/JavaVirtualMachines/adoptopenjdk-8.jdk/Contents/Home/jre/classes">
</property>
    <property name="java.vendor" value="AdoptOpenJDK"/>
    <property name="file.separator" value="/"/>
    <property 
    name="java.vendor.url.bug" value="https://github.com/AdoptOpenJDK/openjdk-support/issues">
</property>
    <property name="sun.cpu.endian" value="little"/>
    <property name="sun.io.unicode.encoding" value="UnicodeBig"/>
    <property 
    name="socksNonProxyHosts" value="local|*.local|169.254/16|*.169.254/16">
</property>
    <property 
    name="ftp.nonProxyHosts" value="local|*.local|169.254/16|*.169.254/16">
</property>
    <property name="sun.cpu.isalist" value=""/>
  </properties>
  <system-out><![CDATA[]]></system-out>
  <system-err><![CDATA[]]></system-err>
</testsuite>
